# JRE version: OpenJDK Runtime Environment (25.0.2+10) (build 25.0.2+10-69)
# Java VM: OpenJDK 64-Bit Server VM (25.0.2+10-69, mixed mode, sharing, tiered, compressed oops, compressed class ptrs, g1 gc, windows-amd64)
GC Precious Log:
 CardTable entry size: 512
 Card Set container configuration: InlinePtr #cards 4 size 8 Array Of Cards #cards 16 size 48 Howl #buckets 8 coarsen threshold 3686 Howl Bitmap #cards 512 size 80 coarsen threshold 460 Card regions per heap region 1 cards per card region 4096
 CPUs: 16 total, 16 available
 Memory: 16004M
 Large Page Support: Disabled
 NUMA Support: Disabled
 Compressed Oops: Enabled (Zero based)
 Heap Region Size: 2M
 Heap Min Capacity: 8M
 Heap Initial Capacity: 252M
 Heap Max Capacity: 4002M
 Pre-touch: Disabled
 Parallel Workers: 13
 Concurrent Workers: 3
 Concurrent Refinement Workers: 13
 Periodic GC: Disabled
Heap:
 garbage-first heap   total reserved 4098048K, committed 69632K, used 32848K [0x0000000705e00000, 0x0000000800000000)
  region size 2048K, 6 young (12288K), 3 survivors (6144K)
GC Heap Usage History (20 events):
Event: 1.449 {heap Before GC invocations=0 (full 0):
 garbage-first heap   total reserved 4098048K, committed 260096K, used 48275K [0x0000000705e00000, 0x0000000800000000)
  region size 2048K, 24 young (49152K), 0 survivors (0K)
}
Event: 1.456 {heap After GC invocations=1 (full 0):
 garbage-first heap   total reserved 4098048K, committed 260096K, used 9883K [0x0000000705e00000, 0x0000000800000000)
  region size 2048K, 3 young (6144K), 3 survivors (6144K)
}
Event: 2.454 {heap Before GC invocations=1 (full 0):
 garbage-first heap   total reserved 4098048K, committed 260096K, used 59035K [0x0000000705e00000, 0x0000000800000000)
  region size 2048K, 28 young (57344K), 3 survivors (6144K)
}
Event: 2.461 {heap After GC invocations=2 (full 0):
 garbage-first heap   total reserved 4098048K, committed 260096K, used 16258K [0x0000000705e00000, 0x0000000800000000)
  region size 2048K, 7 young (14336K), 7 survivors (14336K)
}
Event: 3.195 {heap Before GC invocations=3 (full 0):
 garbage-first heap   total reserved 4098048K, committed 69632K, used 42882K [0x0000000705e00000, 0x0000000800000000)
  region size 2048K, 20 young (40960K), 7 survivors (14336K)
}
Event: 3.205 {heap After GC invocations=4 (full 0):
 garbage-first heap   total reserved 4098048K, committed 69632K, used 18103K [0x0000000705e00000, 0x0000000800000000)
  region size 2048K, 2 young (4096K), 2 survivors (4096K)
}
Event: 3.981 {heap Before GC invocations=4 (full 0):
 garbage-first heap   total reserved 4098048K, committed 69632K, used 46775K [0x0000000705e00000, 0x0000000800000000)
  region size 2048K, 16 young (32768K), 2 survivors (4096K)
}
Event: 3.987 {heap After GC invocations=5 (full 0):
 garbage-first heap   total reserved 4098048K, committed 69632K, used 20558K [0x0000000705e00000, 0x0000000800000000)
  region size 2048K, 2 young (4096K), 2 survivors (4096K)
}
Event: 4.433 {heap Before GC invocations=5 (full 0):
 garbage-first heap   total reserved 4098048K, committed 69632K, used 36942K [0x0000000705e00000, 0x0000000800000000)
  region size 2048K, 11 young (22528K), 2 survivors (4096K)
}
Event: 4.437 {heap After GC invocations=6 (full 0):
 garbage-first heap   total reserved 4098048K, committed 69632K, used 22047K [0x0000000705e00000, 0x0000000800000000)
  region size 2048K, 1 young (2048K), 1 survivors (2048K)
}
Event: 5.318 {heap Before GC invocations=7 (full 0):
 garbage-first heap   total reserved 4098048K, committed 69632K, used 50719K [0x0000000705e00000, 0x0000000800000000)
  region size 2048K, 16 young (32768K), 1 survivors (2048K)
}
Event: 5.321 {heap After GC invocations=8 (full 0):
 garbage-first heap   total reserved 4098048K, committed 69632K, used 24063K [0x0000000705e00000, 0x0000000800000000)
  region size 2048K, 2 young (4096K), 2 survivors (4096K)
}
Event: 6.130 {heap Before GC invocations=8 (full 0):
 garbage-first heap   total reserved 4098048K, committed 69632K, used 54783K [0x0000000705e00000, 0x0000000800000000)
  region size 2048K, 17 young (34816K), 2 survivors (4096K)
}
Event: 6.139 {heap After GC invocations=9 (full 0):
 garbage-first heap   total reserved 4098048K, committed 69632K, used 25484K [0x0000000705e00000, 0x0000000800000000)
  region size 2048K, 2 young (4096K), 2 survivors (4096K)
}
Event: 6.706 {heap Before GC invocations=9 (full 0):
 garbage-first heap   total reserved 4098048K, committed 69632K, used 56204K [0x0000000705e00000, 0x0000000800000000)
  region size 2048K, 17 young (34816K), 2 survivors (4096K)
}
Event: 6.711 {heap After GC invocations=10 (full 0):
 garbage-first heap   total reserved 4098048K, committed 69632K, used 28385K [0x0000000705e00000, 0x0000000800000000)
  region size 2048K, 3 young (6144K), 3 survivors (6144K)
}
Event: 6.724 {heap Before GC invocations=10 (full 0):
 garbage-first heap   total reserved 4098048K, committed 69632K, used 28385K [0x0000000705e00000, 0x0000000800000000)
  region size 2048K, 4 young (8192K), 3 survivors (6144K)
}
Event: 6.728 {heap After GC invocations=11 (full 0):
 garbage-first heap   total reserved 4098048K, committed 69632K, used 28335K [0x0000000705e00000, 0x0000000800000000)
  region size 2048K, 2 young (4096K), 2 survivors (4096K)
}
Event: 1881.032 {heap Before GC invocations=12 (full 0):
 garbage-first heap   total reserved 4098048K, committed 69632K, used 57007K [0x0000000705e00000, 0x0000000800000000)
  region size 2048K, 17 young (34816K), 2 survivors (4096K)
}
Event: 1881.036 {heap After GC invocations=13 (full 0):
 garbage-first heap   total reserved 4098048K, committed 69632K, used 30800K [0x0000000705e00000, 0x0000000800000000)
  region size 2048K, 3 young (6144K), 3 survivors (6144K)
}

